#
# A fatal error has been detected by the Java Runtime Environment:
#
#  EXCEPTION_ACCESS_VIOLATION (0xc0000005) at pc=0x00007ffccf97b41a, pid=24212, tid=15496
#
# JRE version: OpenJDK Runtime Environment Temurin-17.0.16+8 (17.0.16+8) (build 17.0.16+8)
# Java VM: OpenJDK 64-Bit Server VM Temurin-17.0.16+8 (17.0.16+8, mixed mode, sharing, tiered, compressed oops, compressed class ptrs, g1 gc, windows-amd64)
# Problematic frame:
# C  [igxelpicd64.dll+0x34b41a]
#
# No core dump will be written. Minidumps are not enabled by default on client versions of Windows
#
# If you would like to submit a bug report, please visit:
#   https://github.com/adoptium/adoptium-support/issues
# The crash happened outside the Java Virtual Machine in native code.
# See problematic frame for where to report the bug.
#

---------------  S U M M A R Y ------------

Command Line: -Dfile.encoding=UTF-8 -Duser.country=ES -Duser.language=es -Duser.variant io.github.some_example_name.lwjgl3.Lwjgl3Launcher

Host: 11th Gen Intel(R) Core(TM) i5-11400 @ 2.60GHz, 12 cores, 15G,  Windows 11 , 64 bit Build 26100 (10.0.26100.6725)
Time: Tue Oct 21 19:24:06 2025 Hora de verano romance elapsed time: 6.757870 seconds (0d 0h 0m 6s)

---------------  T H R E A D  ---------------

Current thread (0x000001ef1e659420):  JavaThread "main" [_thread_in_native, id=15496, stack(0x0000002bfab00000,0x0000002bfac00000)]

Stack: [0x0000002bfab00000,0x0000002bfac00000],  sp=0x0000002bfabfe6b0,  free space=1017k
Native frames: (J=compiled Java code, j=interpreted, Vv=VM code, C=native code)
C  [igxelpicd64.dll+0x34b41a]

Java frames: (J=compiled Java code, j=interpreted, Vv=VM code)
j  org.lwjgl.system.JNI.invokePPPP(IIJJJJ)J+0
j  org.lwjgl.glfw.GLFW.nglfwCreateWindow(IIJJJ)J+14
j  org.lwjgl.glfw.GLFW.glfwCreateWindow(IILjava/lang/CharSequence;JJ)J+34
j  com.badlogic.gdx.backends.lwjgl3.Lwjgl3Application.createGlfwWindow(Lcom/badlogic/gdx/backends/lwjgl3/Lwjgl3ApplicationConfiguration;J)J+467
j  com.badlogic.gdx.backends.lwjgl3.Lwjgl3Application.createWindow(Lcom/badlogic/gdx/backends/lwjgl3/Lwjgl3Window;Lcom/badlogic/gdx/backends/lwjgl3/Lwjgl3ApplicationConfiguration;J)V+2
j  com.badlogic.gdx.backends.lwjgl3.Lwjgl3Application.createWindow(Lcom/badlogic/gdx/backends/lwjgl3/Lwjgl3ApplicationConfiguration;Lcom/badlogic/gdx/ApplicationListener;J)Lcom/badlogic/gdx/backends/lwjgl3/Lwjgl3Window;+27
j  com.badlogic.gdx.backends.lwjgl3.Lwjgl3Application.<init>(Lcom/badlogic/gdx/ApplicationListener;Lcom/badlogic/gdx/backends/lwjgl3/Lwjgl3ApplicationConfiguration;)V+243
j  io.github.some_example_name.lwjgl3.Lwjgl3Launcher.createApplication()Lcom/badlogic/gdx/backends/lwjgl3/Lwjgl3Application;+14
j  io.github.some_example_name.lwjgl3.Lwjgl3Launcher.main([Ljava/lang/String;)V+7
v  ~StubRoutines::call_stub

siginfo: EXCEPTION_ACCESS_VIOLATION (0xc0000005), writing address 0x00000000000356f0


Registers:
RAX=0x00007ffcd0562570, RBX=0x000001ef89bcbe80, RCX=0x0000000000000000, RDX=0x0000000000000000
RSP=0x0000002bfabfe6b0, RBP=0xffffffffd5010b0d, RSI=0x000001ef89dee2b0, RDI=0x0000000000000000
R8 =0x7ffffffffffffffc, R9 =0xfeeefeeefeeefeee, R10=0x0000000000000000, R11=0x0000002bfabfe480
R12=0x000001ef89d33140, R13=0x0000000000000000, R14=0x0000000000000000, R15=0x000001ef89dc2000
RIP=0x00007ffccf97b41a, EFLAGS=0x0000000000010246

XMM[0]=0x0000000000000000 0x0000000000000000
XMM[1]=0x0000000000000000 0x0000000000000000
XMM[2]=0x0000000000000000 0x0000000000000000
XMM[3]=0x0000000000000000 0x0000000000000000
XMM[4]=0x0000000000000000 0x0000000000000000
XMM[5]=0x0000000000000000 0x0000000000000000
XMM[6]=0x0000000000000000 0x9f0ed46ba8f9f3ec
XMM[7]=0x0000000000000000 0x0000000000000000
XMM[8]=0x0000000000000000 0x4c001f5cdc956bec
XMM[9]=0x0000000000000000 0x0000000000000000
XMM[10]=0x0000000000000000 0x00000001f7011640
XMM[11]=0x0000000000000000 0x0000000174359406
XMM[12]=0x0000000000000000 0x0000000000000000
XMM[13]=0x0000000000000000 0x0000000000000000
XMM[14]=0x0000000000000000 0x0000000000000000
XMM[15]=0x0000000000000000 0x0000000000000000
  MXCSR=0x00001fa0


Register to memory mapping:

RIP=0x00007ffccf97b41a igxelpicd64.dll
RAX=0x00007ffcd0562570 igxelpicd64.dll
RBX=0x000001ef89bcbe80 points into unknown readable memory: 0x000001ef89d33140 | 40 31 d3 89 ef 01 00 00
RCX=0x0 is NULL
RDX=0x0 is NULL
RSP=0x0000002bfabfe6b0 is pointing into the stack for thread: 0x000001ef1e659420
RBP=0xffffffffd5010b0d is an unknown value
RSI=0x000001ef89dee2b0 points into unknown readable memory: 0x0000000000000000 | 00 00 00 00 00 00 00 00
RDI=0x0 is NULL
R8 =0x7ffffffffffffffc is an unknown value
R9 =0xfeeefeeefeeefeee is an unknown value
R10=0x0 is NULL
R11=0x0000002bfabfe480 is pointing into the stack for thread: 0x000001ef1e659420
R12=0x000001ef89d33140 points into unknown readable memory: 0x000001ef89b89760 | 60 97 b8 89 ef 01 00 00
R13=0x0 is NULL
R14=0x0 is NULL
R15=0x000001ef89dc2000 points into unknown readable memory: 0x000001ef89ceca40 | 40 ca ce 89 ef 01 00 00


Top of Stack: (sp=0x0000002bfabfe6b0)
0x0000002bfabfe6b0:   000001ef89dee2b0 00007ffccf8e9ce2
0x0000002bfabfe6c0:   000001ef8a07c090 0000002bfabfe9c0
0x0000002bfabfe6d0:   ffffffffd5010b0d 000001ef42df0901
0x0000002bfabfe6e0:   000001ef89dc2000 0000000000000017
0x0000002bfabfe6f0:   000001ef89dc2000 000001ef89dee2b0
0x0000002bfabfe700:   ffffffffd5010b0d 00007ffccffccda7
0x0000002bfabfe710:   000001ef89bbce50 000001ef89bcbe80
0x0000002bfabfe720:   ffffffffd5010b0d 00007ffcd0562570
0x0000002bfabfe730:   00000000007a1200 00007ffd2a927ed4
0x0000002bfabfe740:   0000000000000000 000001ef42d8c7a8
0x0000002bfabfe750:   0000000000000002 00007ff471790000
0x0000002bfabfe760:   0000002bfabfe7f0 00007ffd2a9264c6
0x0000002bfabfe770:   000001ef42d8c760 0000000000000000
0x0000002bfabfe780:   0000000000020000 0000000000000000
0x0000002bfabfe790:   0000000000000040 0000000000000000
0x0000002bfabfe7a0:   0000000000000000 00007ffd2a926310
0x0000002bfabfe7b0:   0000000000000000 0000002bfabfe8b0
0x0000002bfabfe7c0:   0000000000000003 ffffffffd5010b0d
0x0000002bfabfe7d0:   ffffffff00000001 0000002bfabfe7f0
0x0000002bfabfe7e0:   0000000000000000 0000000000000000
0x0000002bfabfe7f0:   0000000000000071 0001002800000007
0x0000002bfabfe800:   1008200000008025 1040180800080808
0x0000002bfabfe810:   0000000010101010 0000000000000000
0x0000002bfabfe820:   0000000000000000 ffffffffd5010b0d
0x0000002bfabfe830:   00000000001c066a 0000000000000000
0x0000002bfabfe840:   0000000000000000 0000000000000000
0x0000002bfabfe850:   0000000000000000 0000000000000000
0x0000002bfabfe860:   0000000000000000 0000000000000000
0x0000002bfabfe870:   0000000000000000 0000000000000000
0x0000002bfabfe880:   0000000000000000 0000000000000000
0x0000002bfabfe890:   0000000000000000 0000000000000000
0x0000002bfabfe8a0:   0000000000000000 0000000000000000 

Instructions: (pc=0x00007ffccf97b41a)
0x00007ffccf97b31a:   41 08 8a 88 58 14 00 00 88 8f 40 1c 04 00 48 8b
0x00007ffccf97b32a:   c7 48 8b 5c 24 58 48 8b 6c 24 60 48 83 c4 20 41
0x00007ffccf97b33a:   5f 41 5e 41 5c 5f 5e c3 48 8d b7 d0 c5 02 00 48
0x00007ffccf97b34a:   8b ce e8 5f 7d 01 00 48 85 db 0f 85 90 62 65 00
0x00007ffccf97b35a:   41 8a c7 e9 1f f9 ff ff 41 8a c7 41 8a cf 41 8a
0x00007ffccf97b36a:   d7 e9 29 f9 ff ff b0 01 e9 37 f9 ff ff 48 8b 0d
0x00007ffccf97b37a:   e2 66 ae 00 4c 8d 81 38 08 00 00 48 8d 91 30 08
0x00007ffccf97b38a:   00 00 48 81 c1 34 08 00 00 e8 78 cc f6 ff c6 05
0x00007ffccf97b39a:   05 d0 be 00 01 e9 b8 f7 ff ff 09 9f 60 10 00 00
0x00007ffccf97b3aa:   e9 4e fe ff ff cc cc cc cc cc cc cc cc cc cc cc
0x00007ffccf97b3ba:   cc cc cc cc cc cc 33 c0 48 89 81 98 c4 02 00 48
0x00007ffccf97b3ca:   89 81 a0 c4 02 00 89 81 a8 c4 02 00 48 89 81 b0
0x00007ffccf97b3da:   c4 02 00 c3 cc cc cc cc cc cc cc cc cc cc cc cc
0x00007ffccf97b3ea:   cc cc cc cc cc cc 48 89 5c 24 10 55 56 57 41 56
0x00007ffccf97b3fa:   41 57 48 83 ec 30 48 8b f9 45 33 f6 84 d2 75 39
0x00007ffccf97b40a:   48 8b 05 4f 66 ae 00 83 b8 78 03 00 00 02 75 29
0x00007ffccf97b41a:   c6 81 f0 56 03 00 01 c6 81 d8 55 03 00 01 48 81
0x00007ffccf97b42a:   c1 10 57 03 00 48 8b d7 e8 19 2a f5 ff 48 8d 8f
0x00007ffccf97b43a:   70 4b 03 00 e8 3d 38 d0 ff e8 38 c4 01 00 48 8b
0x00007ffccf97b44a:   15 61 89 be 00 48 8d 4c 24 78 e8 07 29 d0 ff 90
0x00007ffccf97b45a:   48 8d 8f 28 14 04 00 e8 8a 5b dc ff 48 8b 8f d8
0x00007ffccf97b46a:   06 03 00 48 85 c9 0f 85 7a 63 65 00 48 8b 8f e0
0x00007ffccf97b47a:   06 03 00 48 85 c9 74 05 e8 59 1f d5 ff 4c 89 b7
0x00007ffccf97b48a:   20 c6 02 00 48 8b cf e8 4a 29 f5 ff 48 8b cf e8
0x00007ffccf97b49a:   3e af f7 ff 48 8b 05 bb 65 ae 00 44 39 b0 f0 0d
0x00007ffccf97b4aa:   00 00 0f 84 49 63 65 00 48 8d 8f 40 bd 02 00 48
0x00007ffccf97b4ba:   8b d7 e8 3f 34 eb ff 48 8b 8f 60 07 00 00 48 85
0x00007ffccf97b4ca:   c9 0f 85 3c 63 65 00 48 8b 05 88 65 ae 00 44 39
0x00007ffccf97b4da:   b0 e0 0d 00 00 0f 84 34 63 65 00 48 8b 8f a8 c5
0x00007ffccf97b4ea:   02 00 48 85 c9 74 2f 48 8b d7 e8 07 19 f7 ff 48
0x00007ffccf97b4fa:   8b d7 48 8b 8f a8 c5 02 00 e8 48 19 f7 ff 48 8b
0x00007ffccf97b50a:   8f a8 c5 02 00 48 85 c9 74 05 e8 3b 0d d5 ff 4c 


Stack slot to memory mapping:
stack at sp + 0 slots: 0x000001ef89dee2b0 points into unknown readable memory: 0x0000000000000000 | 00 00 00 00 00 00 00 00
stack at sp + 1 slots: 0x00007ffccf8e9ce2 igxelpicd64.dll
stack at sp + 2 slots: 0x000001ef8a07c090 points into unknown readable memory: 0x000001ef89bbd2c0 | c0 d2 bb 89 ef 01 00 00
stack at sp + 3 slots: 0x0000002bfabfe9c0 is pointing into the stack for thread: 0x000001ef1e659420
stack at sp + 4 slots: 0xffffffffd5010b0d is an unknown value
stack at sp + 5 slots: 0x000001ef42df0901 points into unknown readable memory: 00 6f 00 63 00 75 00
stack at sp + 6 slots: 0x000001ef89dc2000 points into unknown readable memory: 0x000001ef89ceca40 | 40 ca ce 89 ef 01 00 00
stack at sp + 7 slots: 0x0000000000000017 is an unknown value


---------------  P R O C E S S  ---------------

Threads class SMR info:
_java_thread_list=0x000001ef89c69ae0, length=13, elements={
0x000001ef1e659420, 0x000001ef418f7550, 0x000001ef418f8aa0, 0x000001ef41911bc0,
0x000001ef419134c0, 0x000001ef41914600, 0x000001ef41918be0, 0x000001ef4191c350,
0x000001ef41928820, 0x000001ef4192d1c0, 0x000001ef4235b080, 0x000001ef4236f140,
0x000001ef89b44020
}

Java Threads: ( => current thread )
=>0x000001ef1e659420 JavaThread "main" [_thread_in_native, id=15496, stack(0x0000002bfab00000,0x0000002bfac00000)]
  0x000001ef418f7550 JavaThread "Reference Handler" daemon [_thread_blocked, id=21620, stack(0x0000002bfb200000,0x0000002bfb300000)]
  0x000001ef418f8aa0 JavaThread "Finalizer" daemon [_thread_blocked, id=11756, stack(0x0000002bfb300000,0x0000002bfb400000)]
  0x000001ef41911bc0 JavaThread "Signal Dispatcher" daemon [_thread_blocked, id=13848, stack(0x0000002bfb400000,0x0000002bfb500000)]
  0x000001ef419134c0 JavaThread "Attach Listener" daemon [_thread_blocked, id=15584, stack(0x0000002bfb500000,0x0000002bfb600000)]
  0x000001ef41914600 JavaThread "Service Thread" daemon [_thread_blocked, id=20508, stack(0x0000002bfb600000,0x0000002bfb700000)]
  0x000001ef41918be0 JavaThread "Monitor Deflation Thread" daemon [_thread_blocked, id=11552, stack(0x0000002bfb700000,0x0000002bfb800000)]
  0x000001ef4191c350 JavaThread "C2 CompilerThread0" daemon [_thread_blocked, id=7448, stack(0x0000002bfb800000,0x0000002bfb900000)]
  0x000001ef41928820 JavaThread "C1 CompilerThread0" daemon [_thread_blocked, id=13736, stack(0x0000002bfb900000,0x0000002bfba00000)]
  0x000001ef4192d1c0 JavaThread "Sweeper thread" daemon [_thread_blocked, id=5108, stack(0x0000002bfba00000,0x0000002bfbb00000)]
  0x000001ef4235b080 JavaThread "Notification Thread" daemon [_thread_blocked, id=16976, stack(0x0000002bfbb00000,0x0000002bfbc00000)]
  0x000001ef4236f140 JavaThread "Common-Cleaner" daemon [_thread_blocked, id=13308, stack(0x0000002bfbd00000,0x0000002bfbe00000)]
  0x000001ef89b44020 JavaThread "Thread-0" daemon [_thread_blocked, id=22540, stack(0x0000002bfc500000,0x0000002bfc600000)]

Other Threads:
  0x000001ef418f2ea0 VMThread "VM Thread" [stack: 0x0000002bfb100000,0x0000002bfb200000] [id=17652]
  0x000001ef42363980 WatcherThread [stack: 0x0000002bfbc00000,0x0000002bfbd00000] [id=18672]
  0x000001ef1e6c50a0 GCTaskThread "GC Thread#0" [stack: 0x0000002bfac00000,0x0000002bfad00000] [id=20820]
  0x000001ef1e6d5cc0 ConcurrentGCThread "G1 Main Marker" [stack: 0x0000002bfad00000,0x0000002bfae00000] [id=6864]
  0x000001ef1e6d93d0 ConcurrentGCThread "G1 Conc#0" [stack: 0x0000002bfae00000,0x0000002bfaf00000] [id=6732]
  0x000001ef41831860 ConcurrentGCThread "G1 Refine#0" [stack: 0x0000002bfaf00000,0x0000002bfb000000] [id=14272]
  0x000001ef41832d50 ConcurrentGCThread "G1 Service" [stack: 0x0000002bfb000000,0x0000002bfb100000] [id=22848]

Threads with active compile tasks:

VM state: not at safepoint (normal execution)

VM Mutex/Monitor currently owned by a thread: None

Heap address: 0x0000000703200000, size: 4046 MB, Compressed Oops mode: Zero based, Oop shift amount: 3

CDS archive(s) mapped at: [0x000001ef43000000-0x000001ef43bb0000-0x000001ef43bb0000), size 12255232, SharedBaseAddress: 0x000001ef43000000, ArchiveRelocationMode: 1.
Compressed class space mapped at: 0x000001ef44000000-0x000001ef84000000, reserved size: 1073741824
Narrow klass base: 0x000001ef43000000, Narrow klass shift: 0, Narrow klass range: 0x100000000

GC Precious Log:
 CPUs: 12 total, 12 available
 Memory: 16181M
 Large Page Support: Disabled
 NUMA Support: Disabled
 Compressed Oops: Enabled (Zero based)
 Heap Region Size: 2M
 Heap Min Capacity: 8M
 Heap Initial Capacity: 254M
 Heap Max Capacity: 4046M
 Pre-touch: Disabled
 Parallel Workers: 10
 Concurrent Workers: 3
 Concurrent Refinement Workers: 10
 Periodic GC: Disabled

Heap:
 garbage-first heap   total 260096K, used 12288K [0x0000000703200000, 0x0000000800000000)
  region size 2048K, 7 young (14336K), 0 survivors (0K)
 Metaspace       used 3846K, committed 4032K, reserved 1114112K
  class space    used 313K, committed 384K, reserved 1048576K

Heap Regions: E=young(eden), S=young(survivor), O=old, HS=humongous(starts), HC=humongous(continues), CS=collection set, F=free, OA=open archive, CA=closed archive, TAMS=top-at-mark-start (previous, next)
|   0|0x0000000703200000, 0x0000000703200000, 0x0000000703400000|  0%| F|  |TAMS 0x0000000703200000, 0x0000000703200000| Untracked 
|   1|0x0000000703400000, 0x0000000703400000, 0x0000000703600000|  0%| F|  |TAMS 0x0000000703400000, 0x0000000703400000| Untracked 
|   2|0x0000000703600000, 0x0000000703600000, 0x0000000703800000|  0%| F|  |TAMS 0x0000000703600000, 0x0000000703600000| Untracked 
|   3|0x0000000703800000, 0x0000000703800000, 0x0000000703a00000|  0%| F|  |TAMS 0x0000000703800000, 0x0000000703800000| Untracked 
|   4|0x0000000703a00000, 0x0000000703a00000, 0x0000000703c00000|  0%| F|  |TAMS 0x0000000703a00000, 0x0000000703a00000| Untracked 
|   5|0x0000000703c00000, 0x0000000703c00000, 0x0000000703e00000|  0%| F|  |TAMS 0x0000000703c00000, 0x0000000703c00000| Untracked 
|   6|0x0000000703e00000, 0x0000000703e00000, 0x0000000704000000|  0%| F|  |TAMS 0x0000000703e00000, 0x0000000703e00000| Untracked 
|   7|0x0000000704000000, 0x0000000704000000, 0x0000000704200000|  0%| F|  |TAMS 0x0000000704000000, 0x0000000704000000| Untracked 
|   8|0x0000000704200000, 0x0000000704200000, 0x0000000704400000|  0%| F|  |TAMS 0x0000000704200000, 0x0000000704200000| Untracked 
|   9|0x0000000704400000, 0x0000000704400000, 0x0000000704600000|  0%| F|  |TAMS 0x0000000704400000, 0x0000000704400000| Untracked 
|  10|0x0000000704600000, 0x0000000704600000, 0x0000000704800000|  0%| F|  |TAMS 0x0000000704600000, 0x0000000704600000| Untracked 
|  11|0x0000000704800000, 0x0000000704800000, 0x0000000704a00000|  0%| F|  |TAMS 0x0000000704800000, 0x0000000704800000| Untracked 
|  12|0x0000000704a00000, 0x0000000704a00000, 0x0000000704c00000|  0%| F|  |TAMS 0x0000000704a00000, 0x0000000704a00000| Untracked 
|  13|0x0000000704c00000, 0x0000000704c00000, 0x0000000704e00000|  0%| F|  |TAMS 0x0000000704c00000, 0x0000000704c00000| Untracked 
|  14|0x0000000704e00000, 0x0000000704e00000, 0x0000000705000000|  0%| F|  |TAMS 0x0000000704e00000, 0x0000000704e00000| Untracked 
|  15|0x0000000705000000, 0x0000000705000000, 0x0000000705200000|  0%| F|  |TAMS 0x0000000705000000, 0x0000000705000000| Untracked 
|  16|0x0000000705200000, 0x0000000705200000, 0x0000000705400000|  0%| F|  |TAMS 0x0000000705200000, 0x0000000705200000| Untracked 
|  17|0x0000000705400000, 0x0000000705400000, 0x0000000705600000|  0%| F|  |TAMS 0x0000000705400000, 0x0000000705400000| Untracked 
|  18|0x0000000705600000, 0x0000000705600000, 0x0000000705800000|  0%| F|  |TAMS 0x0000000705600000, 0x0000000705600000| Untracked 
|  19|0x0000000705800000, 0x0000000705800000, 0x0000000705a00000|  0%| F|  |TAMS 0x0000000705800000, 0x0000000705800000| Untracked 
|  20|0x0000000705a00000, 0x0000000705a00000, 0x0000000705c00000|  0%| F|  |TAMS 0x0000000705a00000, 0x0000000705a00000| Untracked 
|  21|0x0000000705c00000, 0x0000000705c00000, 0x0000000705e00000|  0%| F|  |TAMS 0x0000000705c00000, 0x0000000705c00000| Untracked 
|  22|0x0000000705e00000, 0x0000000705e00000, 0x0000000706000000|  0%| F|  |TAMS 0x0000000705e00000, 0x0000000705e00000| Untracked 
|  23|0x0000000706000000, 0x0000000706000000, 0x0000000706200000|  0%| F|  |TAMS 0x0000000706000000, 0x0000000706000000| Untracked 
|  24|0x0000000706200000, 0x0000000706200000, 0x0000000706400000|  0%| F|  |TAMS 0x0000000706200000, 0x0000000706200000| Untracked 
|  25|0x0000000706400000, 0x0000000706400000, 0x0000000706600000|  0%| F|  |TAMS 0x0000000706400000, 0x0000000706400000| Untracked 
|  26|0x0000000706600000, 0x0000000706600000, 0x0000000706800000|  0%| F|  |TAMS 0x0000000706600000, 0x0000000706600000| Untracked 
|  27|0x0000000706800000, 0x0000000706800000, 0x0000000706a00000|  0%| F|  |TAMS 0x0000000706800000, 0x0000000706800000| Untracked 
|  28|0x0000000706a00000, 0x0000000706a00000, 0x0000000706c00000|  0%| F|  |TAMS 0x0000000706a00000, 0x0000000706a00000| Untracked 
|  29|0x0000000706c00000, 0x0000000706c00000, 0x0000000706e00000|  0%| F|  |TAMS 0x0000000706c00000, 0x0000000706c00000| Untracked 
|  30|0x0000000706e00000, 0x0000000706e00000, 0x0000000707000000|  0%| F|  |TAMS 0x0000000706e00000, 0x0000000706e00000| Untracked 
|  31|0x0000000707000000, 0x0000000707000000, 0x0000000707200000|  0%| F|  |TAMS 0x0000000707000000, 0x0000000707000000| Untracked 
|  32|0x0000000707200000, 0x0000000707200000, 0x0000000707400000|  0%| F|  |TAMS 0x0000000707200000, 0x0000000707200000| Untracked 
|  33|0x0000000707400000, 0x0000000707400000, 0x0000000707600000|  0%| F|  |TAMS 0x0000000707400000, 0x0000000707400000| Untracked 
|  34|0x0000000707600000, 0x0000000707600000, 0x0000000707800000|  0%| F|  |TAMS 0x0000000707600000, 0x0000000707600000| Untracked 
|  35|0x0000000707800000, 0x0000000707800000, 0x0000000707a00000|  0%| F|  |TAMS 0x0000000707800000, 0x0000000707800000| Untracked 
|  36|0x0000000707a00000, 0x0000000707a00000, 0x0000000707c00000|  0%| F|  |TAMS 0x0000000707a00000, 0x0000000707a00000| Untracked 
|  37|0x0000000707c00000, 0x0000000707c00000, 0x0000000707e00000|  0%| F|  |TAMS 0x0000000707c00000, 0x0000000707c00000| Untracked 
|  38|0x0000000707e00000, 0x0000000707e00000, 0x0000000708000000|  0%| F|  |TAMS 0x0000000707e00000, 0x0000000707e00000| Untracked 
|  39|0x0000000708000000, 0x0000000708000000, 0x0000000708200000|  0%| F|  |TAMS 0x0000000708000000, 0x0000000708000000| Untracked 
|  40|0x0000000708200000, 0x0000000708200000, 0x0000000708400000|  0%| F|  |TAMS 0x0000000708200000, 0x0000000708200000| Untracked 
|  41|0x0000000708400000, 0x0000000708400000, 0x0000000708600000|  0%| F|  |TAMS 0x0000000708400000, 0x0000000708400000| Untracked 
|  42|0x0000000708600000, 0x0000000708600000, 0x0000000708800000|  0%| F|  |TAMS 0x0000000708600000, 0x0000000708600000| Untracked 
|  43|0x0000000708800000, 0x0000000708800000, 0x0000000708a00000|  0%| F|  |TAMS 0x0000000708800000, 0x0000000708800000| Untracked 
|  44|0x0000000708a00000, 0x0000000708a00000, 0x0000000708c00000|  0%| F|  |TAMS 0x0000000708a00000, 0x0000000708a00000| Untracked 
|  45|0x0000000708c00000, 0x0000000708c00000, 0x0000000708e00000|  0%| F|  |TAMS 0x0000000708c00000, 0x0000000708c00000| Untracked 
|  46|0x0000000708e00000, 0x0000000708e00000, 0x0000000709000000|  0%| F|  |TAMS 0x0000000708e00000, 0x0000000708e00000| Untracked 
|  47|0x0000000709000000, 0x0000000709000000, 0x0000000709200000|  0%| F|  |TAMS 0x0000000709000000, 0x0000000709000000| Untracked 
|  48|0x0000000709200000, 0x0000000709200000, 0x0000000709400000|  0%| F|  |TAMS 0x0000000709200000, 0x0000000709200000| Untracked 
|  49|0x0000000709400000, 0x0000000709400000, 0x0000000709600000|  0%| F|  |TAMS 0x0000000709400000, 0x0000000709400000| Untracked 
|  50|0x0000000709600000, 0x0000000709600000, 0x0000000709800000|  0%| F|  |TAMS 0x0000000709600000, 0x0000000709600000| Untracked 
|  51|0x0000000709800000, 0x0000000709800000, 0x0000000709a00000|  0%| F|  |TAMS 0x0000000709800000, 0x0000000709800000| Untracked 
|  52|0x0000000709a00000, 0x0000000709a00000, 0x0000000709c00000|  0%| F|  |TAMS 0x0000000709a00000, 0x0000000709a00000| Untracked 
|  53|0x0000000709c00000, 0x0000000709c00000, 0x0000000709e00000|  0%| F|  |TAMS 0x0000000709c00000, 0x0000000709c00000| Untracked 
|  54|0x0000000709e00000, 0x0000000709e00000, 0x000000070a000000|  0%| F|  |TAMS 0x0000000709e00000, 0x0000000709e00000| Untracked 
|  55|0x000000070a000000, 0x000000070a000000, 0x000000070a200000|  0%| F|  |TAMS 0x000000070a000000, 0x000000070a000000| Untracked 
|  56|0x000000070a200000, 0x000000070a200000, 0x000000070a400000|  0%| F|  |TAMS 0x000000070a200000, 0x000000070a200000| Untracked 
|  57|0x000000070a400000, 0x000000070a400000, 0x000000070a600000|  0%| F|  |TAMS 0x000000070a400000, 0x000000070a400000| Untracked 
|  58|0x000000070a600000, 0x000000070a600000, 0x000000070a800000|  0%| F|  |TAMS 0x000000070a600000, 0x000000070a600000| Untracked 
|  59|0x000000070a800000, 0x000000070a800000, 0x000000070aa00000|  0%| F|  |TAMS 0x000000070a800000, 0x000000070a800000| Untracked 
|  60|0x000000070aa00000, 0x000000070aa00000, 0x000000070ac00000|  0%| F|  |TAMS 0x000000070aa00000, 0x000000070aa00000| Untracked 
|  61|0x000000070ac00000, 0x000000070ac00000, 0x000000070ae00000|  0%| F|  |TAMS 0x000000070ac00000, 0x000000070ac00000| Untracked 
|  62|0x000000070ae00000, 0x000000070ae00000, 0x000000070b000000|  0%| F|  |TAMS 0x000000070ae00000, 0x000000070ae00000| Untracked 
|  63|0x000000070b000000, 0x000000070b000000, 0x000000070b200000|  0%| F|  |TAMS 0x000000070b000000, 0x000000070b000000| Untracked 
|  64|0x000000070b200000, 0x000000070b200000, 0x000000070b400000|  0%| F|  |TAMS 0x000000070b200000, 0x000000070b200000| Untracked 
|  65|0x000000070b400000, 0x000000070b400000, 0x000000070b600000|  0%| F|  |TAMS 0x000000070b400000, 0x000000070b400000| Untracked 
|  66|0x000000070b600000, 0x000000070b600000, 0x000000070b800000|  0%| F|  |TAMS 0x000000070b600000, 0x000000070b600000| Untracked 
|  67|0x000000070b800000, 0x000000070b800000, 0x000000070ba00000|  0%| F|  |TAMS 0x000000070b800000, 0x000000070b800000| Untracked 
|  68|0x000000070ba00000, 0x000000070ba00000, 0x000000070bc00000|  0%| F|  |TAMS 0x000000070ba00000, 0x000000070ba00000| Untracked 
|  69|0x000000070bc00000, 0x000000070bc00000, 0x000000070be00000|  0%| F|  |TAMS 0x000000070bc00000, 0x000000070bc00000| Untracked 
|  70|0x000000070be00000, 0x000000070be00000, 0x000000070c000000|  0%| F|  |TAMS 0x000000070be00000, 0x000000070be00000| Untracked 
|  71|0x000000070c000000, 0x000000070c000000, 0x000000070c200000|  0%| F|  |TAMS 0x000000070c000000, 0x000000070c000000| Untracked 
|  72|0x000000070c200000, 0x000000070c200000, 0x000000070c400000|  0%| F|  |TAMS 0x000000070c200000, 0x000000070c200000| Untracked 
|  73|0x000000070c400000, 0x000000070c400000, 0x000000070c600000|  0%| F|  |TAMS 0x000000070c400000, 0x000000070c400000| Untracked 
|  74|0x000000070c600000, 0x000000070c600000, 0x000000070c800000|  0%| F|  |TAMS 0x000000070c600000, 0x000000070c600000| Untracked 
|  75|0x000000070c800000, 0x000000070c800000, 0x000000070ca00000|  0%| F|  |TAMS 0x000000070c800000, 0x000000070c800000| Untracked 
|  76|0x000000070ca00000, 0x000000070ca00000, 0x000000070cc00000|  0%| F|  |TAMS 0x000000070ca00000, 0x000000070ca00000| Untracked 
|  77|0x000000070cc00000, 0x000000070cc00000, 0x000000070ce00000|  0%| F|  |TAMS 0x000000070cc00000, 0x000000070cc00000| Untracked 
|  78|0x000000070ce00000, 0x000000070ce00000, 0x000000070d000000|  0%| F|  |TAMS 0x000000070ce00000, 0x000000070ce00000| Untracked 
|  79|0x000000070d000000, 0x000000070d000000, 0x000000070d200000|  0%| F|  |TAMS 0x000000070d000000, 0x000000070d000000| Untracked 
|  80|0x000000070d200000, 0x000000070d200000, 0x000000070d400000|  0%| F|  |TAMS 0x000000070d200000, 0x000000070d200000| Untracked 
|  81|0x000000070d400000, 0x000000070d400000, 0x000000070d600000|  0%| F|  |TAMS 0x000000070d400000, 0x000000070d400000| Untracked 
|  82|0x000000070d600000, 0x000000070d600000, 0x000000070d800000|  0%| F|  |TAMS 0x000000070d600000, 0x000000070d600000| Untracked 
|  83|0x000000070d800000, 0x000000070d800000, 0x000000070da00000|  0%| F|  |TAMS 0x000000070d800000, 0x000000070d800000| Untracked 
|  84|0x000000070da00000, 0x000000070da00000, 0x000000070dc00000|  0%| F|  |TAMS 0x000000070da00000, 0x000000070da00000| Untracked 
|  85|0x000000070dc00000, 0x000000070dc00000, 0x000000070de00000|  0%| F|  |TAMS 0x000000070dc00000, 0x000000070dc00000| Untracked 
|  86|0x000000070de00000, 0x000000070de00000, 0x000000070e000000|  0%| F|  |TAMS 0x000000070de00000, 0x000000070de00000| Untracked 
|  87|0x000000070e000000, 0x000000070e000000, 0x000000070e200000|  0%| F|  |TAMS 0x000000070e000000, 0x000000070e000000| Untracked 
|  88|0x000000070e200000, 0x000000070e200000, 0x000000070e400000|  0%| F|  |TAMS 0x000000070e200000, 0x000000070e200000| Untracked 
|  89|0x000000070e400000, 0x000000070e400000, 0x000000070e600000|  0%| F|  |TAMS 0x000000070e400000, 0x000000070e400000| Untracked 
|  90|0x000000070e600000, 0x000000070e600000, 0x000000070e800000|  0%| F|  |TAMS 0x000000070e600000, 0x000000070e600000| Untracked 
|  91|0x000000070e800000, 0x000000070e800000, 0x000000070ea00000|  0%| F|  |TAMS 0x000000070e800000, 0x000000070e800000| Untracked 
|  92|0x000000070ea00000, 0x000000070ea00000, 0x000000070ec00000|  0%| F|  |TAMS 0x000000070ea00000, 0x000000070ea00000| Untracked 
|  93|0x000000070ec00000, 0x000000070ec00000, 0x000000070ee00000|  0%| F|  |TAMS 0x000000070ec00000, 0x000000070ec00000| Untracked 
|  94|0x000000070ee00000, 0x000000070ee00000, 0x000000070f000000|  0%| F|  |TAMS 0x000000070ee00000, 0x000000070ee00000| Untracked 
|  95|0x000000070f000000, 0x000000070f000000, 0x000000070f200000|  0%| F|  |TAMS 0x000000070f000000, 0x000000070f000000| Untracked 
|  96|0x000000070f200000, 0x000000070f200000, 0x000000070f400000|  0%| F|  |TAMS 0x000000070f200000, 0x000000070f200000| Untracked 
|  97|0x000000070f400000, 0x000000070f400000, 0x000000070f600000|  0%| F|  |TAMS 0x000000070f400000, 0x000000070f400000| Untracked 
|  98|0x000000070f600000, 0x000000070f600000, 0x000000070f800000|  0%| F|  |TAMS 0x000000070f600000, 0x000000070f600000| Untracked 
|  99|0x000000070f800000, 0x000000070f800000, 0x000000070fa00000|  0%| F|  |TAMS 0x000000070f800000, 0x000000070f800000| Untracked 
| 100|0x000000070fa00000, 0x000000070fa00000, 0x000000070fc00000|  0%| F|  |TAMS 0x000000070fa00000, 0x000000070fa00000| Untracked 
| 101|0x000000070fc00000, 0x000000070fc00000, 0x000000070fe00000|  0%| F|  |TAMS 0x000000070fc00000, 0x000000070fc00000| Untracked 
| 102|0x000000070fe00000, 0x000000070fe00000, 0x0000000710000000|  0%| F|  |TAMS 0x000000070fe00000, 0x000000070fe00000| Untracked 
| 103|0x0000000710000000, 0x0000000710000000, 0x0000000710200000|  0%| F|  |TAMS 0x0000000710000000, 0x0000000710000000| Untracked 
| 104|0x0000000710200000, 0x0000000710200000, 0x0000000710400000|  0%| F|  |TAMS 0x0000000710200000, 0x0000000710200000| Untracked 
| 105|0x0000000710400000, 0x0000000710400000, 0x0000000710600000|  0%| F|  |TAMS 0x0000000710400000, 0x0000000710400000| Untracked 
| 106|0x0000000710600000, 0x0000000710600000, 0x0000000710800000|  0%| F|  |TAMS 0x0000000710600000, 0x0000000710600000| Untracked 
| 107|0x0000000710800000, 0x0000000710800000, 0x0000000710a00000|  0%| F|  |TAMS 0x0000000710800000, 0x0000000710800000| Untracked 
| 108|0x0000000710a00000, 0x0000000710a00000, 0x0000000710c00000|  0%| F|  |TAMS 0x0000000710a00000, 0x0000000710a00000| Untracked 
| 109|0x0000000710c00000, 0x0000000710c00000, 0x0000000710e00000|  0%| F|  |TAMS 0x0000000710c00000, 0x0000000710c00000| Untracked 
| 110|0x0000000710e00000, 0x0000000710e00000, 0x0000000711000000|  0%| F|  |TAMS 0x0000000710e00000, 0x0000000710e00000| Untracked 
| 111|0x0000000711000000, 0x0000000711000000, 0x0000000711200000|  0%| F|  |TAMS 0x0000000711000000, 0x0000000711000000| Untracked 
| 112|0x0000000711200000, 0x0000000711200000, 0x0000000711400000|  0%| F|  |TAMS 0x0000000711200000, 0x0000000711200000| Untracked 
| 113|0x0000000711400000, 0x0000000711400000, 0x0000000711600000|  0%| F|  |TAMS 0x0000000711400000, 0x0000000711400000| Untracked 
| 114|0x0000000711600000, 0x0000000711600000, 0x0000000711800000|  0%| F|  |TAMS 0x0000000711600000, 0x0000000711600000| Untracked 
| 115|0x0000000711800000, 0x0000000711800000, 0x0000000711a00000|  0%| F|  |TAMS 0x0000000711800000, 0x0000000711800000| Untracked 
| 116|0x0000000711a00000, 0x0000000711a00000, 0x0000000711c00000|  0%| F|  |TAMS 0x0000000711a00000, 0x0000000711a00000| Untracked 
| 117|0x0000000711c00000, 0x0000000711c00000, 0x0000000711e00000|  0%| F|  |TAMS 0x0000000711c00000, 0x0000000711c00000| Untracked 
| 118|0x0000000711e00000, 0x0000000711e00000, 0x0000000712000000|  0%| F|  |TAMS 0x0000000711e00000, 0x0000000711e00000| Untracked 
| 119|0x0000000712000000, 0x0000000712000000, 0x0000000712200000|  0%| F|  |TAMS 0x0000000712000000, 0x0000000712000000| Untracked 
| 120|0x0000000712200000, 0x00000007123ca4d8, 0x0000000712400000| 89%| E|  |TAMS 0x0000000712200000, 0x0000000712200000| Complete 
| 121|0x0000000712400000, 0x0000000712600000, 0x0000000712600000|100%| E|CS|TAMS 0x0000000712400000, 0x0000000712400000| Complete 
| 122|0x0000000712600000, 0x0000000712800000, 0x0000000712800000|100%| E|CS|TAMS 0x0000000712600000, 0x0000000712600000| Complete 
| 123|0x0000000712800000, 0x0000000712a00000, 0x0000000712a00000|100%| E|CS|TAMS 0x0000000712800000, 0x0000000712800000| Complete 
| 124|0x0000000712a00000, 0x0000000712c00000, 0x0000000712c00000|100%| E|CS|TAMS 0x0000000712a00000, 0x0000000712a00000| Complete 
| 125|0x0000000712c00000, 0x0000000712e00000, 0x0000000712e00000|100%| E|CS|TAMS 0x0000000712c00000, 0x0000000712c00000| Complete 
| 126|0x0000000712e00000, 0x0000000713000000, 0x0000000713000000|100%| E|CS|TAMS 0x0000000712e00000, 0x0000000712e00000| Complete 

Card table byte_map: [0x000001ef366c0000,0x000001ef36eb0000] _byte_map_base: 0x000001ef32ea7000

Marking Bits (Prev, Next): (CMBitMap*) 0x000001ef1e6c56c0, (CMBitMap*) 0x000001ef1e6c5700
 Prev Bits: [0x000001ef376a0000, 0x000001ef3b5d8000)
 Next Bits: [0x000001ef3b5e0000, 0x000001ef3f518000)

Polling page: 0x000001ef1cd90000

Metaspace:

Usage:
  Non-class:      3.45 MB used.
      Class:    313.14 KB used.
       Both:      3.76 MB used.

Virtual space:
  Non-class space:       64.00 MB reserved,       3.56 MB (  6%) committed,  1 nodes.
      Class space:        1.00 GB reserved,     384.00 KB ( <1%) committed,  1 nodes.
             Both:        1.06 GB reserved,       3.94 MB ( <1%) committed. 

Chunk freelists:
   Non-Class:  10.30 MB
       Class:  15.58 MB
        Both:  25.88 MB

MaxMetaspaceSize: unlimited
CompressedClassSpaceSize: 1.00 GB
Initial GC threshold: 21.00 MB
Current GC threshold: 21.00 MB
CDS: on
MetaspaceReclaimPolicy: balanced
 - commit_granule_bytes: 65536.
 - commit_granule_words: 8192.
 - virtual_space_node_default_size: 8388608.
 - enlarge_chunks_in_place: 1.
 - new_chunks_are_fully_committed: 0.
 - uncommit_free_chunks: 1.
 - use_allocation_guard: 0.
 - handle_deallocations: 1.


Internal statistics:

num_allocs_failed_limit: 0.
num_arena_births: 64.
num_arena_deaths: 0.
num_vsnodes_births: 2.
num_vsnodes_deaths: 0.
num_space_committed: 63.
num_space_uncommitted: 0.
num_chunks_returned_to_freelist: 0.
num_chunks_taken_from_freelist: 162.
num_chunk_merges: 0.
num_chunk_splits: 104.
num_chunks_enlarged: 74.
num_inconsistent_stats: 0.

CodeHeap 'non-profiled nmethods': size=120000Kb used=297Kb max_used=297Kb free=119702Kb
 bounds [0x000001ef2dd20000, 0x000001ef2df90000, 0x000001ef35250000]
CodeHeap 'profiled nmethods': size=120000Kb used=1437Kb max_used=1437Kb free=118562Kb
 bounds [0x000001ef26250000, 0x000001ef264c0000, 0x000001ef2d780000]
CodeHeap 'non-nmethods': size=5760Kb used=1589Kb max_used=1610Kb free=4170Kb
 bounds [0x000001ef2d780000, 0x000001ef2d9f0000, 0x000001ef2dd20000]
 total_blobs=1843 nmethods=845 adapters=911
 compilation: enabled
              stopped_count=0, restarted_count=0
 full_count=0

Compilation events (20 events):
Event: 0.473 Thread 0x000001ef41928820  837       3       java.util.zip.InflaterInputStream::close (34 bytes)
Event: 0.473 Thread 0x000001ef41928820 nmethod 837 0x000001ef263aee90 code [0x000001ef263af060, 0x000001ef263af318]
Event: 0.475 Thread 0x000001ef4191c350 nmethod 831 0x000001ef2dd65b90 code [0x000001ef2dd65d60, 0x000001ef2dd66538]
Event: 0.476 Thread 0x000001ef4191c350  838       4       java.lang.String::lastIndexOf (12 bytes)
Event: 0.476 Thread 0x000001ef41928820  839   !   3       jdk.internal.loader.URLClassPath$FileLoader::getResource (164 bytes)
Event: 0.477 Thread 0x000001ef41928820 nmethod 839 0x000001ef263af410 code [0x000001ef263af760, 0x000001ef263b0b28]
Event: 0.477 Thread 0x000001ef41928820  840       3       java.io.FilterInputStream::<init> (10 bytes)
Event: 0.477 Thread 0x000001ef41928820 nmethod 840 0x000001ef263b1410 code [0x000001ef263b15c0, 0x000001ef263b17f8]
Event: 0.477 Thread 0x000001ef41928820  841   !   3       java.util.concurrent.ConcurrentHashMap::computeIfAbsent (576 bytes)
Event: 0.478 Thread 0x000001ef4191c350 nmethod 838 0x000001ef2dd66990 code [0x000001ef2dd66b20, 0x000001ef2dd66d58]
Event: 0.479 Thread 0x000001ef41928820 nmethod 841 0x000001ef263b1910 code [0x000001ef263b1d40, 0x000001ef263b40b8]
Event: 0.479 Thread 0x000001ef41928820  842  s    3       java.util.jar.JarFile::getInputStream (72 bytes)
Event: 0.479 Thread 0x000001ef41928820 nmethod 842 0x000001ef263b5190 code [0x000001ef263b53c0, 0x000001ef263b5918]
Event: 0.490 Thread 0x000001ef4251c620 nmethod 832 0x000001ef2dd66f10 code [0x000001ef2dd671c0, 0x000001ef2dd692c8]
Event: 0.549 Thread 0x000001ef41928820  843       3       jdk.internal.misc.VM::initLevel (4 bytes)
Event: 0.549 Thread 0x000001ef41928820 nmethod 843 0x000001ef263b5b10 code [0x000001ef263b5ca0, 0x000001ef263b5d98]
Event: 3.535 Thread 0x000001ef41928820  844   !   3       java.nio.DirectByteBuffer::get (33 bytes)
Event: 3.535 Thread 0x000001ef41928820 nmethod 844 0x000001ef263b5e10 code [0x000001ef263b6080, 0x000001ef263b6b48]
Event: 3.535 Thread 0x000001ef41928820  845       3       java.nio.Buffer::nextGetIndex (30 bytes)
Event: 3.535 Thread 0x000001ef41928820 nmethod 845 0x000001ef263b7110 code [0x000001ef263b72c0, 0x000001ef263b74e8]

GC Heap History (0 events):
No events

Dll operation events (10 events):
Event: 0.008 Loaded shared library C:\Program Files\Eclipse Adoptium\jdk-17.0.16.8-hotspot\bin\java.dll
Event: 0.030 Loaded shared library C:\Program Files\Eclipse Adoptium\jdk-17.0.16.8-hotspot\bin\jsvml.dll
Event: 0.115 Loaded shared library C:\Program Files\Eclipse Adoptium\jdk-17.0.16.8-hotspot\bin\net.dll
Event: 0.118 Loaded shared library C:\Program Files\Eclipse Adoptium\jdk-17.0.16.8-hotspot\bin\nio.dll
Event: 0.120 Loaded shared library C:\Program Files\Eclipse Adoptium\jdk-17.0.16.8-hotspot\bin\zip.dll
Event: 0.162 Loaded shared library C:\Program Files\Eclipse Adoptium\jdk-17.0.16.8-hotspot\bin\jimage.dll
Event: 0.169 Loaded shared library C:\ProgramData\libGDX-temp\libgdxUser_-570604515_GDX1_14_0\4c3cbe99\gdx64.dll
Event: 0.237 Loaded shared library C:\Users\alumne-DAM\AppData\Local\Temp\lwjgl_alumne-DAM\3.3.3+5\x64\lwjgl.dll
Event: 0.376 Loaded shared library C:\Users\alumne-DAM\AppData\Local\Temp\libgdxalumne-DAM\9b0d1e9db1460d7d\libEGL.dll
Event: 0.396 Loaded shared library C:\Users\alumne-DAM\AppData\Local\Temp\libgdxalumne-DAM\9b0d1e9db1460d7d\libGLESv2.dll

Deoptimization events (20 events):
Event: 0.165 Thread 0x000001ef1e659420 DEOPT PACKING pc=0x000001ef2dd2c404 sp=0x0000002bfabfeb50
Event: 0.165 Thread 0x000001ef1e659420 DEOPT UNPACKING pc=0x000001ef2d7da1a3 sp=0x0000002bfabfead8 mode 2
Event: 0.182 Thread 0x000001ef1e659420 DEOPT PACKING pc=0x000001ef262785bb sp=0x0000002bfabfe0c0
Event: 0.182 Thread 0x000001ef1e659420 DEOPT UNPACKING pc=0x000001ef2d7dace3 sp=0x0000002bfabfd510 mode 0
Event: 0.186 Thread 0x000001ef1e659420 DEOPT PACKING pc=0x000001ef262785bb sp=0x0000002bfabfc780
Event: 0.186 Thread 0x000001ef1e659420 DEOPT UNPACKING pc=0x000001ef2d7dace3 sp=0x0000002bfabfbbd0 mode 0
Event: 0.217 Thread 0x000001ef1e659420 Uncommon trap: trap_request=0xffffff6e fr.pc=0x000001ef2dd3be44 relative=0x0000000000000424
Event: 0.217 Thread 0x000001ef1e659420 Uncommon trap: reason=loop_limit_check action=maybe_recompile pc=0x000001ef2dd3be44 method=java.lang.StringLatin1.indexOf([BI[BII)I @ 37 c2
Event: 0.217 Thread 0x000001ef1e659420 DEOPT PACKING pc=0x000001ef2dd3be44 sp=0x0000002bfabfbe40
Event: 0.217 Thread 0x000001ef1e659420 DEOPT UNPACKING pc=0x000001ef2d7da1a3 sp=0x0000002bfabfbda0 mode 2
Event: 0.228 Thread 0x000001ef1e659420 DEOPT PACKING pc=0x000001ef2627ad38 sp=0x0000002bfabfb6f0
Event: 0.228 Thread 0x000001ef1e659420 DEOPT UNPACKING pc=0x000001ef2d7dace3 sp=0x0000002bfabfab90 mode 0
Event: 0.235 Thread 0x000001ef1e659420 Uncommon trap: trap_request=0xffffff45 fr.pc=0x000001ef2dd309c0 relative=0x0000000000000040
Event: 0.235 Thread 0x000001ef1e659420 Uncommon trap: reason=unstable_if action=reinterpret pc=0x000001ef2dd309c0 method=sun.nio.fs.WindowsPathParser.isSlash(C)Z @ 9 c2
Event: 0.235 Thread 0x000001ef1e659420 DEOPT PACKING pc=0x000001ef2dd309c0 sp=0x0000002bfabfbca0
Event: 0.235 Thread 0x000001ef1e659420 DEOPT UNPACKING pc=0x000001ef2d7da1a3 sp=0x0000002bfabfbc28 mode 2
Event: 0.289 Thread 0x000001ef1e659420 Uncommon trap: trap_request=0xffffffde fr.pc=0x000001ef2dd56164 relative=0x0000000000000424
Event: 0.289 Thread 0x000001ef1e659420 Uncommon trap: reason=class_check action=maybe_recompile pc=0x000001ef2dd56164 method=java.util.HashMap.getNode(Ljava/lang/Object;)Ljava/util/HashMap$Node; @ 128 c2
Event: 0.289 Thread 0x000001ef1e659420 DEOPT PACKING pc=0x000001ef2dd56164 sp=0x0000002bfabfbd20
Event: 0.289 Thread 0x000001ef1e659420 DEOPT UNPACKING pc=0x000001ef2d7da1a3 sp=0x0000002bfabfbc38 mode 2

Classes loaded (20 events):
Event: 0.470 Loading class java/util/concurrent/RejectedExecutionHandler done
Event: 0.470 Loading class java/util/concurrent/ThreadPoolExecutor$AbortPolicy done
Event: 0.470 Loading class java/util/concurrent/SynchronousQueue
Event: 0.470 Loading class java/util/AbstractQueue
Event: 0.470 Loading class java/util/AbstractQueue done
Event: 0.470 Loading class java/util/concurrent/SynchronousQueue done
Event: 0.470 Loading class java/util/concurrent/SynchronousQueue$TransferStack
Event: 0.470 Loading class java/util/concurrent/SynchronousQueue$Transferer
Event: 0.470 Loading class java/util/concurrent/SynchronousQueue$Transferer done
Event: 0.470 Loading class java/util/concurrent/SynchronousQueue$TransferStack done
Event: 0.470 Loading class java/util/concurrent/SynchronousQueue$TransferStack$SNode
Event: 0.470 Loading class java/util/concurrent/ForkJoinPool$ManagedBlocker
Event: 0.470 Loading class java/util/concurrent/ForkJoinPool$ManagedBlocker done
Event: 0.470 Loading class java/util/concurrent/SynchronousQueue$TransferStack$SNode done
Event: 0.471 Loading class java/util/concurrent/locks/AbstractQueuedSynchronizer$ConditionObject
Event: 0.471 Loading class java/util/concurrent/locks/Condition
Event: 0.471 Loading class java/util/concurrent/locks/Condition done
Event: 0.471 Loading class java/util/concurrent/locks/AbstractQueuedSynchronizer$ConditionObject done
Event: 0.548 Loading class java/lang/StackTraceElement$HashedModules
Event: 0.549 Loading class java/lang/StackTraceElement$HashedModules done

Classes unloaded (0 events):
No events

Classes redefined (0 events):
No events

Internal exceptions (20 events):
Event: 0.209 Thread 0x000001ef1e659420 Exception <a 'java/lang/NoSuchMethodError'{0x0000000712918cc8}: 'void java.lang.invoke.DirectMethodHandle$Holder.invokeSpecial(java.lang.Object, java.lang.Object, java.lang.Object)'> (0x0000000712918cc8) 
thrown [s\src\hotspot\share\interpreter\linkResolver.cpp, line 759]
Event: 0.211 Thread 0x000001ef1e659420 Exception <a 'java/lang/NoSuchMethodError'{0x000000071292c050}: 'java.lang.Object java.lang.invoke.DirectMethodHandle$Holder.invokeStatic(java.lang.Object, java.lang.Object, int)'> (0x000000071292c050) 
thrown [s\src\hotspot\share\interpreter\linkResolver.cpp, line 759]
Event: 0.211 Thread 0x000001ef1e659420 Exception <a 'java/lang/NoSuchMethodError'{0x0000000712937dc0}: 'void java.lang.invoke.DelegatingMethodHandle$Holder.delegate(java.lang.Object, java.lang.Object, int, java.lang.Object)'> (0x0000000712937dc0) 
thrown [s\src\hotspot\share\interpreter\linkResolver.cpp, line 759]
Event: 0.212 Thread 0x000001ef1e659420 Exception <a 'java/lang/NoSuchMethodError'{0x000000071293c000}: 'int java.lang.invoke.DirectMethodHandle$Holder.invokeSpecial(java.lang.Object, java.lang.Object, java.lang.Object)'> (0x000000071293c000) 
thrown [s\src\hotspot\share\interpreter\linkResolver.cpp, line 759]
Event: 0.235 Thread 0x000001ef1e659420 Exception <a 'sun/nio/fs/WindowsException'{0x00000007129cd9e0}> (0x00000007129cd9e0) 
thrown [s\src\hotspot\share\prims\jni.cpp, line 516]
Event: 0.235 Thread 0x000001ef1e659420 Exception <a 'sun/nio/fs/WindowsException'{0x00000007129cdf60}> (0x00000007129cdf60) 
thrown [s\src\hotspot\share\prims\jni.cpp, line 516]
Event: 0.274 Thread 0x000001ef1e659420 Exception <a 'java/lang/NoSuchMethodError'{0x00000007126a9cd8}: 'int java.lang.invoke.DirectMethodHandle$Holder.invokeStaticInit(java.lang.Object, java.lang.Object, int, long)'> (0x00000007126a9cd8) 
thrown [s\src\hotspot\share\interpreter\linkResolver.cpp, line 759]
Event: 0.275 Thread 0x000001ef1e659420 Exception <a 'java/lang/NoSuchMethodError'{0x00000007126af5a0}: 'java.lang.Object java.lang.invoke.DirectMethodHandle$Holder.newInvokeSpecial(java.lang.Object, java.lang.Object, int)'> (0x00000007126af5a0) 
thrown [s\src\hotspot\share\interpreter\linkResolver.cpp, line 759]
Event: 0.276 Thread 0x000001ef1e659420 Exception <a 'java/lang/NoSuchMethodError'{0x00000007126c5298}: 'int java.lang.invoke.DirectMethodHandle$Holder.invokeStaticInit(java.lang.Object, java.lang.Object, long, long)'> (0x00000007126c5298) 
thrown [s\src\hotspot\share\interpreter\linkResolver.cpp, line 759]
Event: 0.277 Thread 0x000001ef1e659420 Exception <a 'java/lang/NoSuchMethodError'{0x00000007126cb3a8}: 'java.lang.Object java.lang.invoke.DirectMethodHandle$Holder.newInvokeSpecial(java.lang.Object, java.lang.Object, long)'> (0x00000007126cb3a8) 
thrown [s\src\hotspot\share\interpreter\linkResolver.cpp, line 759]
Event: 0.277 Thread 0x000001ef1e659420 Exception <a 'java/lang/NoSuchMethodError'{0x00000007126cf3f0}: 'java.lang.Object java.lang.invoke.Invokers$Holder.linkToTargetMethod(java.lang.Object, long, java.lang.Object)'> (0x00000007126cf3f0) 
thrown [s\src\hotspot\share\interpreter\linkResolver.cpp, line 759]
Event: 0.278 Thread 0x000001ef1e659420 Exception <a 'java/lang/NoSuchMethodError'{0x00000007126d6b08}: 'int java.lang.invoke.DirectMethodHandle$Holder.invokeStaticInit(java.lang.Object, java.lang.Object, java.lang.Object, long)'> (0x00000007126d6b08) 
thrown [s\src\hotspot\share\interpreter\linkResolver.cpp, line 759]
Event: 0.294 Thread 0x000001ef1e659420 Exception <a 'sun/nio/fs/WindowsException'{0x000000071279b2b8}> (0x000000071279b2b8) 
thrown [s\src\hotspot\share\prims\jni.cpp, line 516]
Event: 0.294 Thread 0x000001ef1e659420 Exception <a 'sun/nio/fs/WindowsException'{0x000000071279b678}> (0x000000071279b678) 
thrown [s\src\hotspot\share\prims\jni.cpp, line 516]
Event: 0.313 Thread 0x000001ef1e659420 Exception <a 'sun/nio/fs/WindowsException'{0x000000071246acc8}> (0x000000071246acc8) 
thrown [s\src\hotspot\share\prims\jni.cpp, line 516]
Event: 0.313 Thread 0x000001ef1e659420 Exception <a 'sun/nio/fs/WindowsException'{0x000000071246b058}> (0x000000071246b058) 
thrown [s\src\hotspot\share\prims\jni.cpp, line 516]
Event: 0.334 Thread 0x000001ef1e659420 Exception <a 'java/lang/NoSuchMethodError'{0x00000007124a6380}: 'java.lang.Object java.lang.invoke.DirectMethodHandle$Holder.invokeStaticInit(java.lang.Object, int)'> (0x00000007124a6380) 
thrown [s\src\hotspot\share\interpreter\linkResolver.cpp, line 759]
Event: 0.417 Thread 0x000001ef1e659420 Exception <a 'sun/nio/fs/WindowsException'{0x000000071258ff10}> (0x000000071258ff10) 
thrown [s\src\hotspot\share\prims\jni.cpp, line 516]
Event: 0.417 Thread 0x000001ef1e659420 Exception <a 'sun/nio/fs/WindowsException'{0x00000007125902c0}> (0x00000007125902c0) 
thrown [s\src\hotspot\share\prims\jni.cpp, line 516]
Event: 0.460 Thread 0x000001ef1e659420 Exception <a 'java/lang/NoSuchMethodError'{0x00000007125e2708}: 'java.lang.Object java.lang.invoke.DirectMethodHandle$Holder.newInvokeSpecial(java.lang.Object, long)'> (0x00000007125e2708) 
thrown [s\src\hotspot\share\interpreter\linkResolver.cpp, line 759]

VM Operations (10 events):
Event: 0.124 Executing VM operation: HandshakeAllThreads
Event: 0.124 Executing VM operation: HandshakeAllThreads done
Event: 0.165 Executing VM operation: HandshakeAllThreads
Event: 0.165 Executing VM operation: HandshakeAllThreads done
Event: 0.210 Executing VM operation: HandshakeAllThreads
Event: 0.210 Executing VM operation: HandshakeAllThreads done
Event: 0.245 Executing VM operation: HandshakeAllThreads
Event: 0.245 Executing VM operation: HandshakeAllThreads done
Event: 1.237 Executing VM operation: Cleanup
Event: 1.237 Executing VM operation: Cleanup done

Memory protections (0 events):
No events

Nmethod flushes (0 events):
No events

Events (15 events):
Event: 0.031 Thread 0x000001ef1e659420 Thread added: 0x000001ef1e659420
Event: 0.041 Thread 0x000001ef1e659420 Thread added: 0x000001ef418f7550
Event: 0.041 Thread 0x000001ef1e659420 Thread added: 0x000001ef418f8aa0
Event: 0.049 Thread 0x000001ef1e659420 Thread added: 0x000001ef41911bc0
Event: 0.049 Thread 0x000001ef1e659420 Thread added: 0x000001ef419134c0
Event: 0.049 Thread 0x000001ef1e659420 Thread added: 0x000001ef41914600
Event: 0.049 Thread 0x000001ef1e659420 Thread added: 0x000001ef41918be0
Event: 0.049 Thread 0x000001ef1e659420 Thread added: 0x000001ef4191c350
Event: 0.049 Thread 0x000001ef1e659420 Thread added: 0x000001ef41928820
Event: 0.050 Thread 0x000001ef1e659420 Thread added: 0x000001ef4192d1c0
Event: 0.100 Thread 0x000001ef1e659420 Thread added: 0x000001ef4235b080
Event: 0.110 Thread 0x000001ef1e659420 Thread added: 0x000001ef4236f140
Event: 0.149 Thread 0x000001ef41928820 Thread added: 0x000001ef4251c620
Event: 0.468 Thread 0x000001ef1e659420 Thread added: 0x000001ef89b44020
Event: 3.535 Thread 0x000001ef4251c620 Thread exited: 0x000001ef4251c620


Dynamic libraries:
0x00007ff74a690000 - 0x00007ff74a69e000 	C:\Program Files\Eclipse Adoptium\jdk-17.0.16.8-hotspot\bin\java.exe
0x00007ffd576a0000 - 0x00007ffd57908000 	C:\WINDOWS\SYSTEM32\ntdll.dll
0x00007ffd55740000 - 0x00007ffd55809000 	C:\WINDOWS\System32\KERNEL32.DLL
0x00007ffd54fb0000 - 0x00007ffd553a2000 	C:\WINDOWS\System32\KERNELBASE.dll
0x00007ffd51910000 - 0x00007ffd519af000 	C:\WINDOWS\SYSTEM32\apphelp.dll
0x00007ffd54830000 - 0x00007ffd5497b000 	C:\WINDOWS\System32\ucrtbase.dll
0x00007ffd4e740000 - 0x00007ffd4e75e000 	C:\Program Files\Eclipse Adoptium\jdk-17.0.16.8-hotspot\bin\VCRUNTIME140.dll
0x00007ffd49f50000 - 0x00007ffd49f67000 	C:\Program Files\Eclipse Adoptium\jdk-17.0.16.8-hotspot\bin\jli.dll
0x00007ffd56240000 - 0x00007ffd56405000 	C:\WINDOWS\System32\USER32.dll
0x00007ffd294d0000 - 0x00007ffd29763000 	C:\WINDOWS\WinSxS\amd64_microsoft.windows.common-controls_6595b64144ccf1df_6.0.26100.6899_none_3e0efeeae32e88c1\COMCTL32.dll
0x00007ffd54d80000 - 0x00007ffd54da7000 	C:\WINDOWS\System32\win32u.dll
0x00007ffd55e60000 - 0x00007ffd55f09000 	C:\WINDOWS\System32\msvcrt.dll
0x00007ffd57320000 - 0x00007ffd5734b000 	C:\WINDOWS\System32\GDI32.dll
0x00007ffd54980000 - 0x00007ffd54aad000 	C:\WINDOWS\System32\gdi32full.dll
0x00007ffd54ab0000 - 0x00007ffd54b53000 	C:\WINDOWS\System32\msvcp_win.dll
0x00007ffd556b0000 - 0x00007ffd556df000 	C:\WINDOWS\System32\IMM32.DLL
0x00007ffd4e480000 - 0x00007ffd4e48c000 	C:\Program Files\Eclipse Adoptium\jdk-17.0.16.8-hotspot\bin\vcruntime140_1.dll
0x00007ffccf090000 - 0x00007ffccf11d000 	C:\Program Files\Eclipse Adoptium\jdk-17.0.16.8-hotspot\bin\msvcp140.dll
0x00007ffcc17e0000 - 0x00007ffcc244b000 	C:\Program Files\Eclipse Adoptium\jdk-17.0.16.8-hotspot\bin\server\jvm.dll
0x00007ffd568a0000 - 0x00007ffd56954000 	C:\WINDOWS\System32\ADVAPI32.dll
0x00007ffd57350000 - 0x00007ffd573f6000 	C:\WINDOWS\System32\sechost.dll
0x00007ffd55c80000 - 0x00007ffd55d98000 	C:\WINDOWS\System32\RPCRT4.dll
0x00007ffd575e0000 - 0x00007ffd57654000 	C:\WINDOWS\System32\WS2_32.dll
0x00007ffd54690000 - 0x00007ffd546ee000 	C:\WINDOWS\SYSTEM32\POWRPROF.dll
0x00007ffd42320000 - 0x00007ffd42355000 	C:\WINDOWS\SYSTEM32\WINMM.dll
0x00007ffd4ecd0000 - 0x00007ffd4ecdb000 	C:\WINDOWS\SYSTEM32\VERSION.dll
0x00007ffd54670000 - 0x00007ffd54684000 	C:\WINDOWS\SYSTEM32\UMPDC.dll
0x00007ffd535c0000 - 0x00007ffd535db000 	C:\WINDOWS\SYSTEM32\kernel.appcore.dll
0x00007ffd4d420000 - 0x00007ffd4d42a000 	C:\Program Files\Eclipse Adoptium\jdk-17.0.16.8-hotspot\bin\jimage.dll
0x00007ffd42360000 - 0x00007ffd425a2000 	C:\WINDOWS\SYSTEM32\DBGHELP.DLL
0x00007ffd55810000 - 0x00007ffd55b8b000 	C:\WINDOWS\System32\combase.dll
0x00007ffd55b90000 - 0x00007ffd55c67000 	C:\WINDOWS\System32\OLEAUT32.dll
0x00007ffd3e7d0000 - 0x00007ffd3e80c000 	C:\WINDOWS\SYSTEM32\dbgcore.DLL
0x00007ffd54ce0000 - 0x00007ffd54d78000 	C:\WINDOWS\System32\bcryptPrimitives.dll
0x00007ffd209d0000 - 0x00007ffd209f5000 	C:\Program Files\Eclipse Adoptium\jdk-17.0.16.8-hotspot\bin\java.dll
0x00007ffccefb0000 - 0x00007ffccf087000 	C:\Program Files\Eclipse Adoptium\jdk-17.0.16.8-hotspot\bin\jsvml.dll
0x00007ffd56b40000 - 0x00007ffd5728d000 	C:\WINDOWS\System32\SHELL32.dll
0x00007ffd54db0000 - 0x00007ffd54f1b000 	C:\WINDOWS\System32\wintypes.dll
0x00007ffd52460000 - 0x00007ffd52cbd000 	C:\WINDOWS\SYSTEM32\windows.storage.dll
0x00007ffd56130000 - 0x00007ffd56222000 	C:\WINDOWS\System32\SHCORE.dll
0x00007ffd560b0000 - 0x00007ffd56112000 	C:\WINDOWS\System32\shlwapi.dll
0x00007ffd54750000 - 0x00007ffd54779000 	C:\WINDOWS\SYSTEM32\profapi.dll
0x00007ffccef90000 - 0x00007ffccefa9000 	C:\Program Files\Eclipse Adoptium\jdk-17.0.16.8-hotspot\bin\net.dll
0x00007ffd4eb50000 - 0x00007ffd4ec6f000 	C:\WINDOWS\SYSTEM32\WINHTTP.dll
0x00007ffd53b10000 - 0x00007ffd53b7b000 	C:\WINDOWS\system32\mswsock.dll
0x00007ffccef70000 - 0x00007ffccef86000 	C:\Program Files\Eclipse Adoptium\jdk-17.0.16.8-hotspot\bin\nio.dll
0x00007ffd209b0000 - 0x00007ffd209c8000 	C:\Program Files\Eclipse Adoptium\jdk-17.0.16.8-hotspot\bin\zip.dll
0x00007ffd36ef0000 - 0x00007ffd36f17000 	C:\ProgramData\libGDX-temp\libgdxUser_-570604515_GDX1_14_0\4c3cbe99\gdx64.dll
0x00007ffd32b40000 - 0x00007ffd32bbb000 	C:\Users\alumne-DAM\AppData\Local\Temp\lwjgl_alumne-DAM\3.3.3+5\x64\lwjgl.dll
0x00007ffd00320000 - 0x00007ffd00590000 	C:\Users\ALUMNE~1\AppData\Local\Temp\lwjgl_alumne-DAM\3.3.3+5\x64\jemalloc.dll
0x00007ffd32920000 - 0x00007ffd329a2000 	C:\Users\ALUMNE~1\AppData\Local\Temp\lwjgl_alumne-DAM\3.3.3+5\x64\glfw.dll
0x00007ffd328d0000 - 0x00007ffd3291b000 	C:\WINDOWS\SYSTEM32\dinput8.dll
0x00007ffd365b0000 - 0x00007ffd365cc000 	C:\WINDOWS\SYSTEM32\xinput1_4.dll
0x00007ffd543b0000 - 0x00007ffd54407000 	C:\WINDOWS\SYSTEM32\cfgmgr32.dll
0x00007ffd54380000 - 0x00007ffd543ad000 	C:\WINDOWS\SYSTEM32\DEVOBJ.dll
0x00007ffd51de0000 - 0x00007ffd51e0d000 	C:\WINDOWS\SYSTEM32\dwmapi.dll
0x00007ffd34060000 - 0x00007ffd3423e000 	C:\WINDOWS\SYSTEM32\inputhost.dll
0x00007ffd514f0000 - 0x00007ffd51615000 	C:\WINDOWS\SYSTEM32\CoreMessaging.dll
0x00007ffd51b30000 - 0x00007ffd51bda000 	C:\WINDOWS\system32\uxtheme.dll
0x00007ffd569e0000 - 0x00007ffd56b3b000 	C:\WINDOWS\System32\MSCTF.dll
0x00007ffd53d50000 - 0x00007ffd53d5c000 	C:\WINDOWS\SYSTEM32\CRYPTBASE.DLL
0x00007ffd30260000 - 0x00007ffd302cc000 	C:\Users\alumne-DAM\AppData\Local\Temp\libgdxalumne-DAM\9b0d1e9db1460d7d\libEGL.dll
0x00007ffcea860000 - 0x00007ffceb4f4000 	C:\Users\alumne-DAM\AppData\Local\Temp\libgdxalumne-DAM\9b0d1e9db1460d7d\libGLESv2.dll
0x00007ffd51c80000 - 0x00007ffd51dbb000 	C:\WINDOWS\SYSTEM32\dxgi.dll
0x00007ffd00150000 - 0x00007ffd00317000 	C:\Users\ALUMNE~1\AppData\Local\Temp\lwjgl_alumne-DAM\3.3.3+5\x64\OpenAL.dll
0x00007ffd55f10000 - 0x00007ffd560a8000 	C:\WINDOWS\System32\ole32.dll
0x00007ffd55da0000 - 0x00007ffd55e51000 	C:\WINDOWS\System32\clbcatq.dll
0x00007ffd4de80000 - 0x00007ffd4df18000 	C:\WINDOWS\System32\MMDevApi.dll
0x00007ffd3e5e0000 - 0x00007ffd3e79b000 	C:\WINDOWS\SYSTEM32\AUDIOSES.DLL
0x00007ffd52060000 - 0x00007ffd52074000 	C:\WINDOWS\SYSTEM32\resourcepolicyclient.dll
0x00007ffd51c30000 - 0x00007ffd51c74000 	C:\WINDOWS\SYSTEM32\dxcore.dll
0x00007ffd4e9d0000 - 0x00007ffd4ea33000 	C:\WINDOWS\SYSTEM32\directxdatabasehelper.dll
0x00007ffd4a570000 - 0x00007ffd4c02f000 	C:\WINDOWS\System32\DriverStore\FileRepository\iigd_dch.inf_amd64_0797c0ea8580ae89\igd10iumd64.dll
0x00007ffd54b60000 - 0x00007ffd54cd7000 	C:\WINDOWS\System32\CRYPT32.dll
0x00007ffd54720000 - 0x00007ffd54746000 	C:\WINDOWS\SYSTEM32\bcrypt.dll
0x00007ffd54040000 - 0x00007ffd54070000 	C:\WINDOWS\SYSTEM32\ncrypt.dll
0x00007ffd53ff0000 - 0x00007ffd5402f000 	C:\WINDOWS\SYSTEM32\NTASN1.dll
0x00007ffd3bc40000 - 0x00007ffd3bc71000 	C:\WINDOWS\SYSTEM32\ControlLib.dll
0x00007ffd56410000 - 0x00007ffd56898000 	C:\WINDOWS\System32\SETUPAPI.dll
0x00007ffd54f20000 - 0x00007ffd54f9f000 	C:\WINDOWS\System32\WINTRUST.dll
0x00007ffd53f50000 - 0x00007ffd53f63000 	C:\WINDOWS\SYSTEM32\MSASN1.dll
0x00007ffd2a920000 - 0x00007ffd2aa2c000 	C:\WINDOWS\SYSTEM32\opengl32.dll
0x00007ffd2e480000 - 0x00007ffd2e4ad000 	C:\WINDOWS\SYSTEM32\GLU32.dll
0x00007ffd498f0000 - 0x00007ffd4990a000 	C:\WINDOWS\SYSTEM32\windows.staterepositorycore.dll
0x00007ffccf630000 - 0x00007ffcd0623000 	C:\WINDOWS\System32\DriverStore\FileRepository\iigd_dch.inf_amd64_0797c0ea8580ae89\igxelpicd64.dll
0x00007ffcfa3a0000 - 0x00007ffcfa687000 	C:\WINDOWS\System32\DriverStore\FileRepository\iigd_dch.inf_amd64_0797c0ea8580ae89\igdml64.dll
0x00007ffd49a00000 - 0x00007ffd49dc7000 	C:\WINDOWS\System32\DriverStore\FileRepository\iigd_dch.inf_amd64_0797c0ea8580ae89\igdgmm64.dll
0x00007ffd45ad0000 - 0x00007ffd490e1000 	C:\WINDOWS\System32\DriverStore\FileRepository\iigd_dch.inf_amd64_0797c0ea8580ae89\igc64.dll

dbghelp: loaded successfully - version: 4.0.5 - missing functions: none
symbol engine: initialized successfully - sym options: 0x614 - pdb path: .;C:\Program Files\Eclipse Adoptium\jdk-17.0.16.8-hotspot\bin;C:\WINDOWS\SYSTEM32;C:\WINDOWS\WinSxS\amd64_microsoft.windows.common-controls_6595b64144ccf1df_6.0.26100.6899_none_3e0efeeae32e88c1;C:\Program Files\Eclipse Adoptium\jdk-17.0.16.8-hotspot\bin\server;C:\ProgramData\libGDX-temp\libgdxUser_-570604515_GDX1_14_0\4c3cbe99;C:\Users\alumne-DAM\AppData\Local\Temp\lwjgl_alumne-DAM\3.3.3+5\x64;C:\Users\ALUMNE~1\AppData\Local\Temp\lwjgl_alumne-DAM\3.3.3+5\x64;C:\Users\alumne-DAM\AppData\Local\Temp\libgdxalumne-DAM\9b0d1e9db1460d7d;C:\WINDOWS\System32\DriverStore\FileRepository\iigd_dch.inf_amd64_0797c0ea8580ae89

VM Arguments:
jvm_args: -Dfile.encoding=UTF-8 -Duser.country=ES -Duser.language=es -Duser.variant 
java_command: io.github.some_example_name.lwjgl3.Lwjgl3Launcher
java_class_path (initial): C:\Users\alumne-DAM\Documents\DAM\GDX\Proyecto2\lwjgl3\build\classes\java\main;C:\Users\alumne-DAM\Documents\DAM\GDX\Proyecto2\lwjgl3\build\resources\main;C:\Users\alumne-DAM\.gradle\caches\modules-2\files-2.1\com.badlogicgames.gdx\gdx-backend-lwjgl3\1.14.0\122cf51d4a3bcd4e14e8fbd16ae2b65f27fe2d57\gdx-backend-lwjgl3-1.14.0.jar;C:\Users\alumne-DAM\.gradle\caches\modules-2\files-2.1\com.badlogicgames.gdx\gdx-lwjgl3-angle\1.14.0\f15d8d7ec09ef7486490f05f098ab57b4d318073\gdx-lwjgl3-angle-1.14.0.jar;C:\Users\alumne-DAM\.gradle\caches\modules-2\files-2.1\com.badlogicgames.gdx\gdx-platform\1.14.0\d0ecc53f2c20576f1ba4ac9ba157cf48f7bd9821\gdx-platform-1.14.0-natives-desktop.jar;C:\Users\alumne-DAM\Documents\DAM\GDX\Proyecto2\core\build\libs\core-1.0.0.jar;C:\Users\alumne-DAM\.gradle\caches\modules-2\files-2.1\com.badlogicgames.gdx\gdx\1.14.0\8accfce8d9313d9ddd23a2c9e315179783085ef2\gdx-1.14.0.jar;C:\Users\alumne-DAM\.gradle\caches\modules-2\files-2.1\org.lwjgl\lwjgl-glfw\3.3.3\efa1eb78c5ccd840e9f329717109b5e892d72f8e\lwjgl-glfw-3.3.3.jar;C:\Users\alumne-DAM\.gradle\caches\modules-2\files-2.1\org.lwjgl\lwjgl-glfw\3.3.3\a03684c5e4b1b1dbbe0d29dbbdc27b985b6840f2\lwjgl-glfw-3.3.3-natives-linux.jar;C:\Users\alumne-DAM\.gradle\caches\modules-2\files-2.1\org.lwjgl\lwjgl-glfw\3.3.3\d9af485c32545b37dd5359b163161d42d7534dcf\lwjgl-glfw-3.3.3-natives-linux-arm32.jar;C:\Users\alumne-DAM\.gradle\caches\modules-2\files-2.1\org.lwjgl\lwjgl-glfw\3.3.3\492a0f11f85b85899a6568f07511160c1b87cd38\lwjgl-glfw-3.3.3-natives-linux-arm64.jar;C:\Users\alumne-DAM\.gradle\caches\modules-2\files-2.1\org.lwjgl\lwjgl-glfw\3.3.3\a1bf400f6bc64e6195596cb1430dafda46090751\lwjgl-glfw-3.3.3-natives-macos.jar;C:\Users\alumne-DAM\.gradle\caches\modules-2\files-2.1\org.lwjgl\lwjgl-glfw\3.3.3\ee8cc78d0a4a5b3b4600fade6d927c9fc320c858\lwjgl-glfw-3.3.3-natives-macos-arm64.jar;C:\Users\alumne-DAM\.gradle\caches\modules-2\files-2.1\org.lwjgl\lwjgl-glfw\3.3.3\e449e28b4891fc423c54c85fbc5bb0b9efece
Launcher Type: SUN_STANDARD

[Global flags]
     intx CICompilerCount                          = 4                                         {product} {ergonomic}
     uint ConcGCThreads                            = 3                                         {product} {ergonomic}
     uint G1ConcRefinementThreads                  = 10                                        {product} {ergonomic}
   size_t G1HeapRegionSize                         = 2097152                                   {product} {ergonomic}
    uintx GCDrainStackTargetSize                   = 64                                        {product} {ergonomic}
   size_t InitialHeapSize                          = 266338304                                 {product} {ergonomic}
   size_t MarkStackSize                            = 4194304                                   {product} {ergonomic}
   size_t MaxHeapSize                              = 4242538496                                {product} {ergonomic}
   size_t MaxNewSize                               = 2543845376                                {product} {ergonomic}
   size_t MinHeapDeltaBytes                        = 2097152                                   {product} {ergonomic}
   size_t MinHeapSize                              = 8388608                                   {product} {ergonomic}
    uintx NonNMethodCodeHeapSize                   = 5839372                                {pd product} {ergonomic}
    uintx NonProfiledCodeHeapSize                  = 122909434                              {pd product} {ergonomic}
    uintx ProfiledCodeHeapSize                     = 122909434                              {pd product} {ergonomic}
    uintx ReservedCodeCacheSize                    = 251658240                              {pd product} {ergonomic}
     bool SegmentedCodeCache                       = true                                      {product} {ergonomic}
   size_t SoftMaxHeapSize                          = 4242538496                             {manageable} {ergonomic}
     bool UseCompressedClassPointers               = true                           {product lp64_product} {ergonomic}
     bool UseCompressedOops                        = true                           {product lp64_product} {ergonomic}
     bool UseG1GC                                  = true                                      {product} {ergonomic}
     bool UseLargePagesIndividualAllocation        = false                                  {pd product} {ergonomic}

Logging:
Log output configuration:
 #0: stdout all=warning uptime,level,tags
 #1: stderr all=off uptime,level,tags

Environment Variables:
JAVA_HOME=C:\Program Files\Eclipse Adoptium\jdk-17.0.16.8-hotspot\
PATH=C:\Program Files\Common Files\Oracle\Java\javapath;C:\Program Files\Eclipse Adoptium\jdk-17.0.16.8-hotspot\bin;C:\WINDOWS\system32;C:\WINDOWS;C:\WINDOWS\System32\Wbem;C:\WINDOWS\System32\WindowsPowerShell\v1.0\;C:\WINDOWS\System32\OpenSSH\;C:\Program Files\dotnet\;C:\WINDOWS\system32\config\systemprofile\AppData\Local\Muse Hub\lib;;C:\Program Files\Docker\Docker\resources\bin;C:\Users\alumne-DAM\AppData\Local\Microsoft\WindowsApps;C:\Users\alumne-DAM\AppData\Local\Programs\Microsoft VS Code\bin
USERNAME=alumne-DAM
OS=Windows_NT
PROCESSOR_IDENTIFIER=Intel64 Family 6 Model 167 Stepping 1, GenuineIntel
TMP=C:\Users\ALUMNE~1\AppData\Local\Temp
TEMP=C:\Users\ALUMNE~1\AppData\Local\Temp



Periodic native trim disabled


---------------  S Y S T E M  ---------------

OS:
 Windows 11 , 64 bit Build 26100 (10.0.26100.6725)
OS uptime: 4 days 17:27 hours
Hyper-V role detected

CPU: total 12 (initial active 12) (6 cores per cpu, 2 threads per core) family 6 model 167 stepping 1 microcode 0x40, cx8, cmov, fxsr, ht, mmx, 3dnowpref, sse, sse2, sse3, ssse3, sse4.1, sse4.2, popcnt, lzcnt, tsc, tscinvbit, avx, avx2, aes, erms, clmul, bmi1, bmi2, adx, avx512f, avx512dq, avx512cd, avx512bw, avx512vl, sha, fma, vzeroupper, avx512_vpopcntdq, avx512_vpclmulqdq, avx512_vaes, avx512_vnni, clflush, clflushopt, avx512_vbmi2, avx512_vbmi, hv
Processor Information for all 12 processors :
  Max Mhz: 2592, Current Mhz: 2592, Mhz Limit: 2592

Memory: 4k page, system-wide physical 16181M (4339M free)
TotalPageFile size 65333M (AvailPageFile size 18M)
current process WorkingSet (physical memory assigned to process): 124M, peak: 128M
current process commit charge ("private bytes"): 415M, peak: 440M

vm_info: OpenJDK 64-Bit Server VM (17.0.16+8) for windows-amd64 JRE (17.0.16+8), built on Jul 16 2025 10:37:56 by "admin" with MS VC++ 17.7 (VS2022)

END.
